args.epoch = 100, args.lr=0.001, args.batch_size=20, args.num_workers=4
args.train_file=../../dataset/train.csv, args.train_dir=../../dataset/train_images/, args.test_dir=../../dataset/test_images/
args.augment_data=true, args.leslie=false, args.lr_min=1e-05, args.lr_max=1.0
epochs 1/100 
learning rate :  0.001
train loss : 5.3147
maskloss : 2.5741
regrloss : 2.1529
offsetloss : 0.5877
precision : 0.0415
epochs 2/100 
learning rate :  0.001
train loss : 3.9925
maskloss : 1.4163
regrloss : 2.0141
offsetloss : 0.5621
precision : 0.0000
epochs 3/100 
learning rate :  0.001
train loss : 3.8824
maskloss : 1.3582
regrloss : 1.9713
offsetloss : 0.5530
precision : 0.0000
epochs 4/100 
learning rate :  0.001
train loss : 3.7087
maskloss : 1.2398
regrloss : 1.9258
offsetloss : 0.5432
precision : 0.0000
epochs 5/100 
learning rate :  0.001
train loss : 3.4352
maskloss : 1.0654
regrloss : 1.8452
offsetloss : 0.5246
precision : 0.0000
epochs 6/100 
learning rate :  0.001
train loss : 3.2153
maskloss : 0.9642
regrloss : 1.7491
offsetloss : 0.5020
precision : 0.0000
epochs 7/100 
learning rate :  0.001
train loss : 3.1183
maskloss : 0.9256
regrloss : 1.7019
offsetloss : 0.4908
precision : 0.0000
epochs 8/100 
learning rate :  0.001
train loss : 3.0200
maskloss : 0.8922
regrloss : 1.6488
offsetloss : 0.4790
precision : 0.0000
epochs 9/100 
learning rate :  0.001
train loss : 2.9696
maskloss : 0.8788
regrloss : 1.6156
offsetloss : 0.4752
precision : 0.0000
epochs 10/100 
learning rate :  0.001
train loss : 2.9088
maskloss : 0.8600
regrloss : 1.5802
offsetloss : 0.4686
precision : 0.0000
epochs 11/100 
learning rate :  0.001
train loss : 2.8194
maskloss : 0.8369
regrloss : 1.5243
offsetloss : 0.4582
precision : 9.8537
epochs 12/100 
learning rate :  0.001
train loss : 2.7757
maskloss : 0.8276
regrloss : 1.4945
offsetloss : 0.4537
precision : 0.0000
epochs 13/100 
learning rate :  0.001
train loss : 2.7166
maskloss : 0.8136
regrloss : 1.4567
offsetloss : 0.4464
precision : 0.0000
epochs 14/100 
learning rate :  0.001
train loss : 2.6550
maskloss : 0.7980
regrloss : 1.4166
offsetloss : 0.4403
precision : 0.0000
epochs 15/100 
learning rate :  0.001
train loss : 2.6248
maskloss : 0.7929
regrloss : 1.3949
offsetloss : 0.4371
precision : 0.0000
epochs 16/100 
learning rate :  0.001
train loss : 2.5581
maskloss : 0.7785
regrloss : 1.3504
offsetloss : 0.4292
precision : 0.0000
epochs 17/100 
learning rate :  0.001
train loss : 2.4888
maskloss : 0.7645
regrloss : 1.3031
offsetloss : 0.4212
precision : 0.0000
epochs 18/100 
learning rate :  0.001
train loss : 2.4412
maskloss : 0.7541
regrloss : 1.2705
offsetloss : 0.4166
precision : 0.0000
epochs 19/100 
learning rate :  0.001
train loss : 2.3975
maskloss : 0.7457
regrloss : 1.2395
offsetloss : 0.4123
precision : 0.0000
epochs 20/100 
learning rate :  0.001
train loss : 2.3427
maskloss : 0.7337
regrloss : 1.2017
offsetloss : 0.4073
precision : 0.0000
epochs 21/100 
learning rate :  0.001
train loss : 2.3024
maskloss : 0.7249
regrloss : 1.1746
offsetloss : 0.4029
precision : 24.7181
epochs 22/100 
learning rate :  0.001
train loss : 2.2671
maskloss : 0.7169
regrloss : 1.1496
offsetloss : 0.4006
precision : 0.0000
epochs 23/100 
learning rate :  0.001
train loss : 2.2366
maskloss : 0.7094
regrloss : 1.1291
offsetloss : 0.3981
precision : 0.0000
epochs 24/100 
learning rate :  0.001
train loss : 2.1788
maskloss : 0.6923
regrloss : 1.0949
offsetloss : 0.3916
precision : 0.0000
epochs 25/100 
learning rate :  0.001
train loss : 2.1251
maskloss : 0.6729
regrloss : 1.0661
offsetloss : 0.3862
precision : 0.0000
epochs 26/100 
learning rate :  0.001
train loss : 2.0771
maskloss : 0.6539
regrloss : 1.0426
offsetloss : 0.3806
precision : 0.0000
epochs 27/100 
learning rate :  0.001
train loss : 2.0363
maskloss : 0.6360
regrloss : 1.0240
offsetloss : 0.3763
precision : 0.0000
epochs 28/100 
learning rate :  0.001
train loss : 1.9890
maskloss : 0.6155
regrloss : 1.0023
offsetloss : 0.3713
precision : 0.0000
epochs 29/100 
learning rate :  0.001
train loss : 1.9271
maskloss : 0.5897
regrloss : 0.9724
offsetloss : 0.3650
precision : 0.0000
epochs 30/100 
learning rate :  0.001
train loss : 1.8494
maskloss : 0.5587
regrloss : 0.9348
offsetloss : 0.3559
precision : 0.0000
epochs 31/100 
learning rate :  0.001
train loss : 1.7521
maskloss : 0.5246
regrloss : 0.8837
offsetloss : 0.3438
precision : 46.2908
epochs 32/100 
learning rate :  0.001
train loss : 1.6920
maskloss : 0.5020
regrloss : 0.8525
offsetloss : 0.3374
precision : 0.0000
epochs 33/100 
learning rate :  0.001
train loss : 1.6255
maskloss : 0.4825
regrloss : 0.8132
offsetloss : 0.3298
precision : 0.0000
epochs 34/100 
learning rate :  0.001
train loss : 1.5355
maskloss : 0.4546
regrloss : 0.7625
offsetloss : 0.3184
precision : 0.0000
epochs 35/100 
learning rate :  0.001
train loss : 1.4907
maskloss : 0.4416
regrloss : 0.7356
offsetloss : 0.3134
precision : 0.0000
epochs 36/100 
learning rate :  0.001
train loss : 1.4250
maskloss : 0.4219
regrloss : 0.6985
offsetloss : 0.3046
precision : 0.0000
epochs 37/100 
learning rate :  0.001
train loss : 1.3605
maskloss : 0.4024
regrloss : 0.6610
offsetloss : 0.2972
precision : 0.0000
epochs 38/100 
learning rate :  0.001
train loss : 1.3239
maskloss : 0.3883
regrloss : 0.6420
offsetloss : 0.2935
precision : 0.0000
epochs 39/100 
learning rate :  0.001
train loss : 1.2711
maskloss : 0.3713
regrloss : 0.6130
offsetloss : 0.2867
precision : 0.0000
epochs 40/100 
learning rate :  0.001
train loss : 1.2216
maskloss : 0.3553
regrloss : 0.5851
offsetloss : 0.2812
precision : 0.0000
epochs 41/100 
learning rate :  0.001
train loss : 1.1771
maskloss : 0.3400
regrloss : 0.5618
offsetloss : 0.2753
precision : 53.2026
epochs 42/100 
learning rate :  0.001
train loss : 1.1843
maskloss : 0.3399
regrloss : 0.5684
offsetloss : 0.2760
precision : 0.0000
epochs 43/100 
learning rate :  0.001
train loss : 1.1328
maskloss : 0.3233
regrloss : 0.5386
offsetloss : 0.2709
precision : 0.0000
epochs 44/100 
learning rate :  0.001
train loss : 1.0748
maskloss : 0.3031
regrloss : 0.5078
offsetloss : 0.2639
precision : 0.0000
epochs 45/100 
learning rate :  0.001
train loss : 1.0330
maskloss : 0.2865
regrloss : 0.4886
offsetloss : 0.2579
precision : 0.0000
epochs 46/100 
learning rate :  0.001
train loss : 1.0097
maskloss : 0.2764
regrloss : 0.4786
offsetloss : 0.2547
precision : 0.0000
epochs 47/100 
learning rate :  0.001
train loss : 0.9685
maskloss : 0.2608
regrloss : 0.4572
offsetloss : 0.2505
precision : 0.0000
epochs 48/100 
learning rate :  0.001
train loss : 0.9407
maskloss : 0.2515
regrloss : 0.4422
offsetloss : 0.2469
precision : 0.0000
epochs 49/100 
learning rate :  0.001
train loss : 0.9186
maskloss : 0.2410
regrloss : 0.4346
offsetloss : 0.2430
precision : 0.0000
epochs 50/100 
learning rate :  0.001
train loss : 0.9225
maskloss : 0.2399
regrloss : 0.4370
offsetloss : 0.2456
precision : 0.0000
epochs 51/100 
learning rate :  0.001
train loss : 0.8792
maskloss : 0.2246
regrloss : 0.4144
offsetloss : 0.2403
precision : 56.2582
epochs 52/100 
learning rate :  0.001
train loss : 0.8528
maskloss : 0.2131
regrloss : 0.4034
offsetloss : 0.2363
precision : 0.0000
epochs 53/100 
learning rate :  0.001
train loss : 0.8431
maskloss : 0.2075
regrloss : 0.3998
offsetloss : 0.2357
precision : 0.0000
epochs 54/100 
learning rate :  0.001
train loss : 0.8252
maskloss : 0.1997
regrloss : 0.3920
offsetloss : 0.2336
precision : 0.0000
epochs 55/100 
learning rate :  0.001
train loss : 0.7927
maskloss : 0.1878
regrloss : 0.3760
offsetloss : 0.2289
precision : 0.0000
epochs 56/100 
learning rate :  0.001
train loss : 0.7758
maskloss : 0.1818
regrloss : 0.3670
offsetloss : 0.2270
precision : 0.0000
epochs 57/100 
learning rate :  0.001
train loss : 0.7670
maskloss : 0.1773
regrloss : 0.3634
offsetloss : 0.2262
precision : 0.0000
epochs 58/100 
learning rate :  0.001
train loss : 0.7573
maskloss : 0.1694
regrloss : 0.3632
offsetloss : 0.2247
precision : 0.0000
epochs 59/100 
learning rate :  0.001
train loss : 0.7250
maskloss : 0.1584
regrloss : 0.3462
offsetloss : 0.2204
precision : 0.0000
epochs 60/100 
learning rate :  0.001
train loss : 0.7057
maskloss : 0.1475
regrloss : 0.3410
offsetloss : 0.2172
precision : 0.0000
epochs 61/100 
learning rate :  0.001
train loss : 0.6907
maskloss : 0.1438
regrloss : 0.3315
offsetloss : 0.2153
precision : 56.8089
epochs 62/100 
learning rate :  0.001
train loss : 0.7045
maskloss : 0.1486
regrloss : 0.3390
offsetloss : 0.2168
precision : 0.0000
epochs 63/100 
learning rate :  0.001
train loss : 0.6847
maskloss : 0.1395
regrloss : 0.3306
offsetloss : 0.2146
precision : 0.0000
epochs 64/100 
learning rate :  0.001
train loss : 0.6542
maskloss : 0.1276
regrloss : 0.3158
offsetloss : 0.2108
precision : 0.0000
epochs 65/100 
learning rate :  0.001
train loss : 0.6412
maskloss : 0.1216
regrloss : 0.3112
offsetloss : 0.2083
precision : 0.0000
epochs 66/100 
learning rate :  0.001
train loss : 0.6356
maskloss : 0.1184
regrloss : 0.3107
offsetloss : 0.2065
precision : 0.0000
epochs 67/100 
learning rate :  0.001
train loss : 0.6197
maskloss : 0.1120
regrloss : 0.3027
offsetloss : 0.2050
precision : 0.0000
epochs 68/100 
learning rate :  0.001
train loss : 0.6180
maskloss : 0.1109
regrloss : 0.3028
offsetloss : 0.2044
precision : 0.0000
epochs 69/100 
learning rate :  0.001
train loss : 0.6087
maskloss : 0.1060
regrloss : 0.2995
offsetloss : 0.2032
precision : 0.0000
epochs 70/100 
learning rate :  0.001
train loss : 0.6018
maskloss : 0.1010
regrloss : 0.2993
offsetloss : 0.2016
precision : 0.0000
epochs 71/100 
learning rate :  0.001
train loss : 0.5808
maskloss : 0.0957
regrloss : 0.2861
offsetloss : 0.1989
precision : 56.0200
epochs 72/100 
learning rate :  0.001
train loss : 0.5723
maskloss : 0.0929
regrloss : 0.2822
offsetloss : 0.1972
precision : 0.0000
epochs 73/100 
learning rate :  0.001
train loss : 0.5719
maskloss : 0.0916
regrloss : 0.2836
offsetloss : 0.1968
precision : 0.0000
epochs 74/100 
learning rate :  0.001
train loss : 0.5685
maskloss : 0.0876
regrloss : 0.2844
offsetloss : 0.1966
precision : 0.0000
epochs 75/100 
learning rate :  0.001
train loss : 0.5571
maskloss : 0.0854
regrloss : 0.2775
offsetloss : 0.1943
precision : 0.0000
epochs 76/100 
learning rate :  0.001
train loss : 0.5483
maskloss : 0.0828
regrloss : 0.2727
offsetloss : 0.1929
precision : 0.0000
epochs 77/100 
learning rate :  0.001
train loss : 0.5357
maskloss : 0.0782
regrloss : 0.2674
offsetloss : 0.1902
precision : 0.0000
epochs 78/100 
learning rate :  0.001
train loss : 0.5249
maskloss : 0.0738
regrloss : 0.2626
offsetloss : 0.1885
precision : 0.0000
epochs 79/100 
learning rate :  0.001
train loss : 0.5236
maskloss : 0.0733
regrloss : 0.2625
offsetloss : 0.1878
precision : 0.0000
epochs 80/100 
learning rate :  0.001
train loss : 0.5223
maskloss : 0.0706
regrloss : 0.2650
offsetloss : 0.1867
precision : 0.0000
epochs 81/100 
learning rate :  0.001
train loss : 0.5209
maskloss : 0.0711
regrloss : 0.2620
offsetloss : 0.1878
precision : 57.1444
epochs 82/100 
learning rate :  0.001
train loss : 0.5090
maskloss : 0.0679
regrloss : 0.2551
offsetloss : 0.1860
precision : 0.0000
epochs 83/100 
learning rate :  0.001
train loss : 0.4887
maskloss : 0.0613
regrloss : 0.2462
offsetloss : 0.1812
precision : 0.0000
epochs 84/100 
learning rate :  0.001
train loss : 0.5091
maskloss : 0.0677
regrloss : 0.2557
offsetloss : 0.1856
precision : 0.0000
epochs 85/100 
learning rate :  0.001
train loss : 0.5041
maskloss : 0.0656
regrloss : 0.2543
offsetloss : 0.1842
precision : 0.0000
epochs 86/100 
learning rate :  0.001
train loss : 0.4899
maskloss : 0.0610
regrloss : 0.2472
offsetloss : 0.1817
precision : 0.0000
epochs 87/100 
learning rate :  0.001
train loss : 0.4597
maskloss : 0.0518
regrloss : 0.2329
offsetloss : 0.1750
precision : 0.0000
epochs 88/100 
learning rate :  0.001
train loss : 0.4750
maskloss : 0.0565
regrloss : 0.2406
offsetloss : 0.1779
precision : 0.0000
epochs 89/100 
learning rate :  0.001
train loss : 0.4689
maskloss : 0.0542
regrloss : 0.2384
offsetloss : 0.1763
precision : 0.0000
epochs 90/100 
learning rate :  0.001
train loss : 0.4642
maskloss : 0.0522
regrloss : 0.2362
offsetloss : 0.1757
precision : 0.0000
epochs 91/100 
learning rate :  0.001
train loss : 0.4610
maskloss : 0.0512
regrloss : 0.2347
offsetloss : 0.1751
precision : 56.9549
epochs 92/100 
learning rate :  0.001
train loss : 0.4665
maskloss : 0.0544
regrloss : 0.2360
offsetloss : 0.1761
precision : 0.0000
epochs 93/100 
learning rate :  0.001
train loss : 0.4670
maskloss : 0.0536
regrloss : 0.2371
offsetloss : 0.1762
precision : 0.0000
epochs 94/100 
learning rate :  0.001
train loss : 0.4545
maskloss : 0.0496
regrloss : 0.2314
offsetloss : 0.1735
precision : 0.0000
epochs 95/100 
learning rate :  0.001
train loss : 0.4407
maskloss : 0.0443
regrloss : 0.2267
offsetloss : 0.1698
precision : 0.0000
epochs 96/100 
learning rate :  0.001
train loss : 0.4372
maskloss : 0.0427
regrloss : 0.2257
offsetloss : 0.1689
precision : 0.0000
epochs 97/100 
learning rate :  0.001
train loss : 0.4282
maskloss : 0.0414
regrloss : 0.2192
offsetloss : 0.1676
precision : 0.0000
epochs 98/100 
learning rate :  0.001
train loss : 0.4170
maskloss : 0.0385
regrloss : 0.2142
offsetloss : 0.1643
precision : 0.0000
epochs 99/100 
learning rate :  0.001
train loss : 0.4093
maskloss : 0.0364
regrloss : 0.2115
offsetloss : 0.1613
precision : 0.0000
epochs 100/100 
learning rate :  0.001
train loss : 0.4123
maskloss : 0.0382
regrloss : 0.2109
offsetloss : 0.1632
precision : 0.0000
